# JRE version: OpenJDK Runtime Environment (8.0_212-b04) (build 1.8.0_212-release-1586-b04)
# Java VM: OpenJDK 64-Bit Server VM (25.212-b04 mixed mode windows-amd64 compressed oops)
Heap:
 PSYoungGen      total 282112K, used 189016K [0x00000000e0000000, 0x00000000f3700000, 0x0000000100000000)
  eden space 258048K, 63% used [0x00000000e0000000,0x00000000ea11ad50,0x00000000efc00000)
  from space 24064K, 99% used [0x00000000f1b00000,0x00000000f327b500,0x00000000f3280000)
  to   space 30208K, 0% used [0x00000000efc00000,0x00000000efc00000,0x00000000f1980000)
 ParOldGen       total 186368K, used 43986K [0x00000000a0000000, 0x00000000ab600000, 0x00000000e0000000)
  object space 186368K, 23% used [0x00000000a0000000,0x00000000a2af4a98,0x00000000ab600000)
 Metaspace       used 79613K, capacity 83068K, committed 83200K, reserved 1122304K
  class space    used 10455K, capacity 11190K, committed 11264K, reserved 1048576K
GC Heap History (10 events):
Event: 13.611 GC heap before
{Heap before GC invocations=9 (full 2):
 PSYoungGen      total 176128K, used 163328K [0x00000000e0000000, 0x00000000eba80000, 0x0000000100000000)
  eden space 163328K, 100% used [0x00000000e0000000,0x00000000e9f80000,0x00000000e9f80000)
  from space 12800K, 0% used [0x00000000eae00000,0x00000000eae00000,0x00000000eba80000)
  to   space 13824K, 0% used [0x00000000e9f80000,0x00000000e9f80000,0x00000000ead00000)
 ParOldGen       total 123904K, used 17337K [0x00000000a0000000, 0x00000000a7900000, 0x00000000e0000000)
  object space 123904K, 13% used [0x00000000a0000000,0x00000000a10ee620,0x00000000a7900000)
 Metaspace       used 47309K, capacity 48564K, committed 48896K, reserved 1091584K
  class space    used 6257K, capacity 6567K, committed 6656K, reserved 1048576K
Event: 13.643 GC heap after
Heap after GC invocations=9 (full 2):
 PSYoungGen      total 177152K, used 13816K [0x00000000e0000000, 0x00000000f0180000, 0x0000000100000000)
  eden space 163328K, 0% used [0x00000000e0000000,0x00000000e0000000,0x00000000e9f80000)
  from space 13824K, 99% used [0x00000000e9f80000,0x00000000eacfe0a8,0x00000000ead00000)
  to   space 17408K, 0% used [0x00000000ef080000,0x00000000ef080000,0x00000000f0180000)
 ParOldGen       total 123904K, used 20478K [0x00000000a0000000, 0x00000000a7900000, 0x00000000e0000000)
  object space 123904K, 16% used [0x00000000a0000000,0x00000000a13ffb20,0x00000000a7900000)
 Metaspace       used 47309K, capacity 48564K, committed 48896K, reserved 1091584K
  class space    used 6257K, capacity 6567K, committed 6656K, reserved 1048576K
}
Event: 17.312 GC heap before
{Heap before GC invocations=10 (full 2):
 PSYoungGen      total 177152K, used 152393K [0x00000000e0000000, 0x00000000f0180000, 0x0000000100000000)
  eden space 163328K, 84% used [0x00000000e0000000,0x00000000e87546f8,0x00000000e9f80000)
  from space 13824K, 99% used [0x00000000e9f80000,0x00000000eacfe0a8,0x00000000ead00000)
  to   space 17408K, 0% used [0x00000000ef080000,0x00000000ef080000,0x00000000f0180000)
 ParOldGen       total 123904K, used 20478K [0x00000000a0000000, 0x00000000a7900000, 0x00000000e0000000)
  object space 123904K, 16% used [0x00000000a0000000,0x00000000a13ffb20,0x00000000a7900000)
 Metaspace       used 57207K, capacity 59148K, committed 59160K, reserved 1099776K
  class space    used 7707K, capacity 8191K, committed 8192K, reserved 1048576K
Event: 17.354 GC heap after
Heap after GC invocations=10 (full 2):
 PSYoungGen      total 241152K, used 17405K [0x00000000e0000000, 0x00000000f0880000, 0x0000000100000000)
  eden space 223744K, 0% used [0x00000000e0000000,0x00000000e0000000,0x00000000eda80000)
  from space 17408K, 99% used [0x00000000ef080000,0x00000000f017f660,0x00000000f0180000)
  to   space 22528K, 0% used [0x00000000eda80000,0x00000000eda80000,0x00000000ef080000)
 ParOldGen       total 123904K, used 26593K [0x00000000a0000000, 0x00000000a7900000, 0x00000000e0000000)
  object space 123904K, 21% used [0x00000000a0000000,0x00000000a19f8570,0x00000000a7900000)
 Metaspace       used 57207K, capacity 59148K, committed 59160K, reserved 1099776K
  class space    used 7707K, capacity 8191K, committed 8192K, reserved 1048576K
}
Event: 17.354 GC heap before
{Heap before GC invocations=11 (full 3):
 PSYoungGen      total 241152K, used 17405K [0x00000000e0000000, 0x00000000f0880000, 0x0000000100000000)
  eden space 223744K, 0% used [0x00000000e0000000,0x00000000e0000000,0x00000000eda80000)
  from space 17408K, 99% used [0x00000000ef080000,0x00000000f017f660,0x00000000f0180000)
  to   space 22528K, 0% used [0x00000000eda80000,0x00000000eda80000,0x00000000ef080000)
 ParOldGen       total 123904K, used 26593K [0x00000000a0000000, 0x00000000a7900000, 0x00000000e0000000)
  object space 123904K, 21% used [0x00000000a0000000,0x00000000a19f8570,0x00000000a7900000)
 Metaspace       used 57207K, capacity 59148K, committed 59160K, reserved 1099776K
  class space    used 7707K, capacity 8191K, committed 8192K, reserved 1048576K
Event: 17.618 GC heap after
Heap after GC invocations=11 (full 3):
 PSYoungGen      total 241152K, used 0K [0x00000000e0000000, 0x00000000f0880000, 0x0000000100000000)
  eden space 223744K, 0% used [0x00000000e0000000,0x00000000e0000000,0x00000000eda80000)
  from space 17408K, 0% used [0x00000000ef080000,0x00000000ef080000,0x00000000f0180000)
  to   space 22528K, 0% used [0x00000000eda80000,0x00000000eda80000,0x00000000ef080000)
 ParOldGen       total 186368K, used 36805K [0x00000000a0000000, 0x00000000ab600000, 0x00000000e0000000)
  object space 186368K, 19% used [0x00000000a0000000,0x00000000a23f1440,0x00000000ab600000)
 Metaspace       used 57203K, capacity 59136K, committed 59160K, reserved 1099776K
  class space    used 7706K, capacity 8189K, committed 8192K, reserved 1048576K
}
Event: 23.021 GC heap before
{Heap before GC invocations=12 (full 3):
 PSYoungGen      total 241152K, used 223744K [0x00000000e0000000, 0x00000000f0880000, 0x0000000100000000)
  eden space 223744K, 100% used [0x00000000e0000000,0x00000000eda80000,0x00000000eda80000)
  from space 17408K, 0% used [0x00000000ef080000,0x00000000ef080000,0x00000000f0180000)
  to   space 22528K, 0% used [0x00000000eda80000,0x00000000eda80000,0x00000000ef080000)
 ParOldGen       total 186368K, used 36805K [0x00000000a0000000, 0x00000000ab600000, 0x00000000e0000000)
  object space 186368K, 19% used [0x00000000a0000000,0x00000000a23f1440,0x00000000ab600000)
 Metaspace       used 66359K, capacity 68896K, committed 68992K, reserved 1107968K
  class space    used 9060K, capacity 9571K, committed 9600K, reserved 1048576K
Event: 23.051 GC heap after
Heap after GC invocations=12 (full 3):
 PSYoungGen      total 246272K, used 18727K [0x00000000e0000000, 0x00000000f3280000, 0x0000000100000000)
  eden space 223744K, 0% used [0x00000000e0000000,0x00000000e0000000,0x00000000eda80000)
  from space 22528K, 83% used [0x00000000eda80000,0x00000000eecc9f70,0x00000000ef080000)
  to   space 24064K, 0% used [0x00000000f1b00000,0x00000000f1b00000,0x00000000f3280000)
 ParOldGen       total 186368K, used 36813K [0x00000000a0000000, 0x00000000ab600000, 0x00000000e0000000)
  object space 186368K, 19% used [0x00000000a0000000,0x00000000a23f3440,0x00000000ab600000)
 Metaspace       used 66359K, capacity 68896K, committed 68992K, reserved 1107968K
  class space    used 9060K, capacity 9571K, committed 9600K, reserved 1048576K
}
Event: 2068.975 GC heap before
{Heap before GC invocations=13 (full 3):
 PSYoungGen      total 246272K, used 242471K [0x00000000e0000000, 0x00000000f3280000, 0x0000000100000000)
  eden space 223744K, 100% used [0x00000000e0000000,0x00000000eda80000,0x00000000eda80000)
  from space 22528K, 83% used [0x00000000eda80000,0x00000000eecc9f70,0x00000000ef080000)
  to   space 24064K, 0% used [0x00000000f1b00000,0x00000000f1b00000,0x00000000f3280000)
 ParOldGen       total 186368K, used 36813K [0x00000000a0000000, 0x00000000ab600000, 0x00000000e0000000)
  object space 186368K, 19% used [0x00000000a0000000,0x00000000a23f3440,0x00000000ab600000)
 Metaspace       used 75747K, capacity 79010K, committed 79104K, reserved 1118208K
  class space    used 9979K, capacity 10663K, committed 10752K, reserved 1048576K
Event: 2069.068 GC heap after
Heap after GC invocations=13 (full 3):
 PSYoungGen      total 282112K, used 24045K [0x00000000e0000000, 0x00000000f3700000, 0x0000000100000000)
  eden space 258048K, 0% used [0x00000000e0000000,0x00000000e0000000,0x00000000efc00000)
  from space 24064K, 99% used [0x00000000f1b00000,0x00000000f327b500,0x00000000f3280000)
  to   space 30208K, 0% used [0x00000000efc00000,0x00000000efc00000,0x00000000f1980000)
 ParOldGen       total 186368K, used 43986K [0x00000000a0000000, 0x00000000ab600000, 0x00000000e0000000)
  object space 186368K, 23% used [0x00000000a0000000,0x00000000a2af4a98,0x00000000ab600000)
 Metaspace       used 75747K, capacity 79010K, committed 79104K, reserved 1118208K
  class space    used 9979K, capacity 10663K, committed 10752K, reserved 1048576K
}

