# JRE version: OpenJDK Runtime Environment (8.0_212-b04) (build 1.8.0_212-release-1586-b04)
# Java VM: OpenJDK 64-Bit Server VM (25.212-b04 mixed mode windows-amd64 compressed oops)
Heap:
 PSYoungGen      total 167424K, used 137667K [0x00000000e0000000, 0x00000000eb880000, 0x0000000100000000)
  eden space 153600K, 89% used [0x00000000e0000000,0x00000000e8670d78,0x00000000e9600000)
  from space 13824K, 0% used [0x00000000ea500000,0x00000000ea500000,0x00000000eb280000)
  to   space 15360K, 0% used [0x00000000e9600000,0x00000000e9600000,0x00000000ea500000)
 ParOldGen       total 84480K, used 18763K [0x00000000a0000000, 0x00000000a5280000, 0x00000000e0000000)
  object space 84480K, 22% used [0x00000000a0000000,0x00000000a1252e48,0x00000000a5280000)
 Metaspace       used 47683K, capacity 48926K, committed 49280K, reserved 1091584K
  class space    used 6372K, capacity 6672K, committed 6784K, reserved 1048576K
GC Heap History (10 events):
Event: 6.090 GC heap before
{Heap before GC invocations=4 (full 0):
 PSYoungGen      total 57344K, used 55935K [0x00000000e0000000, 0x00000000e7000000, 0x0000000100000000)
  eden space 49152K, 97% used [0x00000000e0000000,0x00000000e2ea5268,0x00000000e3000000)
  from space 8192K, 99% used [0x00000000e3000000,0x00000000e37fad68,0x00000000e3800000)
  to   space 8192K, 0% used [0x00000000e6800000,0x00000000e6800000,0x00000000e7000000)
 ParOldGen       total 131072K, used 1255K [0x00000000a0000000, 0x00000000a8000000, 0x00000000e0000000)
  object space 131072K, 0% used [0x00000000a0000000,0x00000000a0139f80,0x00000000a8000000)
 Metaspace       used 20676K, capacity 21230K, committed 21296K, reserved 1067008K
  class space    used 2986K, capacity 3197K, committed 3200K, reserved 1048576K
Event: 6.113 GC heap after
Heap after GC invocations=4 (full 0):
 PSYoungGen      total 106496K, used 8179K [0x00000000e0000000, 0x00000000e7000000, 0x0000000100000000)
  eden space 98304K, 0% used [0x00000000e0000000,0x00000000e0000000,0x00000000e6000000)
  from space 8192K, 99% used [0x00000000e6800000,0x00000000e6ffced8,0x00000000e7000000)
  to   space 8192K, 0% used [0x00000000e6000000,0x00000000e6000000,0x00000000e6800000)
 ParOldGen       total 131072K, used 4374K [0x00000000a0000000, 0x00000000a8000000, 0x00000000e0000000)
  object space 131072K, 3% used [0x00000000a0000000,0x00000000a0445b88,0x00000000a8000000)
 Metaspace       used 20676K, capacity 21230K, committed 21296K, reserved 1067008K
  class space    used 2986K, capacity 3197K, committed 3200K, reserved 1048576K
}
Event: 6.113 GC heap before
{Heap before GC invocations=5 (full 1):
 PSYoungGen      total 106496K, used 8179K [0x00000000e0000000, 0x00000000e7000000, 0x0000000100000000)
  eden space 98304K, 0% used [0x00000000e0000000,0x00000000e0000000,0x00000000e6000000)
  from space 8192K, 99% used [0x00000000e6800000,0x00000000e6ffced8,0x00000000e7000000)
  to   space 8192K, 0% used [0x00000000e6000000,0x00000000e6000000,0x00000000e6800000)
 ParOldGen       total 131072K, used 4374K [0x00000000a0000000, 0x00000000a8000000, 0x00000000e0000000)
  object space 131072K, 3% used [0x00000000a0000000,0x00000000a0445b88,0x00000000a8000000)
 Metaspace       used 20676K, capacity 21230K, committed 21296K, reserved 1067008K
  class space    used 2986K, capacity 3197K, committed 3200K, reserved 1048576K
Event: 6.172 GC heap after
Heap after GC invocations=5 (full 1):
 PSYoungGen      total 106496K, used 0K [0x00000000e0000000, 0x00000000e7000000, 0x0000000100000000)
  eden space 98304K, 0% used [0x00000000e0000000,0x00000000e0000000,0x00000000e6000000)
  from space 8192K, 0% used [0x00000000e6800000,0x00000000e6800000,0x00000000e7000000)
  to   space 8192K, 0% used [0x00000000e6000000,0x00000000e6000000,0x00000000e6800000)
 ParOldGen       total 84480K, used 10966K [0x00000000a0000000, 0x00000000a5280000, 0x00000000e0000000)
  object space 84480K, 12% used [0x00000000a0000000,0x00000000a0ab5a70,0x00000000a5280000)
 Metaspace       used 20676K, capacity 21230K, committed 21296K, reserved 1067008K
  class space    used 2986K, capacity 3197K, committed 3200K, reserved 1048576K
}
Event: 8.648 GC heap before
{Heap before GC invocations=6 (full 1):
 PSYoungGen      total 106496K, used 98304K [0x00000000e0000000, 0x00000000e7000000, 0x0000000100000000)
  eden space 98304K, 100% used [0x00000000e0000000,0x00000000e6000000,0x00000000e6000000)
  from space 8192K, 0% used [0x00000000e6800000,0x00000000e6800000,0x00000000e7000000)
  to   space 8192K, 0% used [0x00000000e6000000,0x00000000e6000000,0x00000000e6800000)
 ParOldGen       total 84480K, used 10966K [0x00000000a0000000, 0x00000000a5280000, 0x00000000e0000000)
  object space 84480K, 12% used [0x00000000a0000000,0x00000000a0ab5a70,0x00000000a5280000)
 Metaspace       used 30441K, capacity 31048K, committed 31232K, reserved 1077248K
  class space    used 4134K, capacity 4307K, committed 4352K, reserved 1048576K
Event: 8.680 GC heap after
Heap after GC invocations=6 (full 1):
 PSYoungGen      total 106496K, used 8187K [0x00000000e0000000, 0x00000000eb280000, 0x0000000100000000)
  eden space 98304K, 0% used [0x00000000e0000000,0x00000000e0000000,0x00000000e6000000)
  from space 8192K, 99% used [0x00000000e6000000,0x00000000e67feea8,0x00000000e6800000)
  to   space 13824K, 0% used [0x00000000ea500000,0x00000000ea500000,0x00000000eb280000)
 ParOldGen       total 84480K, used 13059K [0x00000000a0000000, 0x00000000a5280000, 0x00000000e0000000)
  object space 84480K, 15% used [0x00000000a0000000,0x00000000a0cc0ef0,0x00000000a5280000)
 Metaspace       used 30441K, capacity 31048K, committed 31232K, reserved 1077248K
  class space    used 4134K, capacity 4307K, committed 4352K, reserved 1048576K
}
Event: 10.990 GC heap before
{Heap before GC invocations=7 (full 1):
 PSYoungGen      total 106496K, used 96023K [0x00000000e0000000, 0x00000000eb280000, 0x0000000100000000)
  eden space 98304K, 89% used [0x00000000e0000000,0x00000000e55c6fe8,0x00000000e6000000)
  from space 8192K, 99% used [0x00000000e6000000,0x00000000e67feea8,0x00000000e6800000)
  to   space 13824K, 0% used [0x00000000ea500000,0x00000000ea500000,0x00000000eb280000)
 ParOldGen       total 84480K, used 13059K [0x00000000a0000000, 0x00000000a5280000, 0x00000000e0000000)
  object space 84480K, 15% used [0x00000000a0000000,0x00000000a0cc0ef0,0x00000000a5280000)
 Metaspace       used 34591K, capacity 35416K, committed 35456K, reserved 1079296K
  class space    used 4745K, capacity 4961K, committed 4992K, reserved 1048576K
Event: 11.037 GC heap after
Heap after GC invocations=7 (full 1):
 PSYoungGen      total 167424K, used 12082K [0x00000000e0000000, 0x00000000eb880000, 0x0000000100000000)
  eden space 153600K, 0% used [0x00000000e0000000,0x00000000e0000000,0x00000000e9600000)
  from space 13824K, 87% used [0x00000000ea500000,0x00000000eb0cc9a0,0x00000000eb280000)
  to   space 15360K, 0% used [0x00000000e9600000,0x00000000e9600000,0x00000000ea500000)
 ParOldGen       total 84480K, used 13067K [0x00000000a0000000, 0x00000000a5280000, 0x00000000e0000000)
  object space 84480K, 15% used [0x00000000a0000000,0x00000000a0cc2ef0,0x00000000a5280000)
 Metaspace       used 34591K, capacity 35416K, committed 35456K, reserved 1079296K
  class space    used 4745K, capacity 4961K, committed 4992K, reserved 1048576K
}
Event: 11.037 GC heap before
{Heap before GC invocations=8 (full 2):
 PSYoungGen      total 167424K, used 12082K [0x00000000e0000000, 0x00000000eb880000, 0x0000000100000000)
  eden space 153600K, 0% used [0x00000000e0000000,0x00000000e0000000,0x00000000e9600000)
  from space 13824K, 87% used [0x00000000ea500000,0x00000000eb0cc9a0,0x00000000eb280000)
  to   space 15360K, 0% used [0x00000000e9600000,0x00000000e9600000,0x00000000ea500000)
 ParOldGen       total 84480K, used 13067K [0x00000000a0000000, 0x00000000a5280000, 0x00000000e0000000)
  object space 84480K, 15% used [0x00000000a0000000,0x00000000a0cc2ef0,0x00000000a5280000)
 Metaspace       used 34591K, capacity 35416K, committed 35456K, reserved 1079296K
  class space    used 4745K, capacity 4961K, committed 4992K, reserved 1048576K
Event: 11.226 GC heap after
Heap after GC invocations=8 (full 2):
 PSYoungGen      total 167424K, used 0K [0x00000000e0000000, 0x00000000eb880000, 0x0000000100000000)
  eden space 153600K, 0% used [0x00000000e0000000,0x00000000e0000000,0x00000000e9600000)
  from space 13824K, 0% used [0x00000000ea500000,0x00000000ea500000,0x00000000eb280000)
  to   space 15360K, 0% used [0x00000000e9600000,0x00000000e9600000,0x00000000ea500000)
 ParOldGen       total 84480K, used 18763K [0x00000000a0000000, 0x00000000a5280000, 0x00000000e0000000)
  object space 84480K, 22% used [0x00000000a0000000,0x00000000a1252e48,0x00000000a5280000)
 Metaspace       used 34591K, capacity 35416K, committed 35456K, reserved 1079296K
  class space    used 4745K, capacity 4961K, committed 4992K, reserved 1048576K
}

