# JRE version: OpenJDK Runtime Environment (8.0_212-b04) (build 1.8.0_212-release-1586-b04)
# Java VM: OpenJDK 64-Bit Server VM (25.212-b04 mixed mode windows-amd64 compressed oops)
Heap:
 PSYoungGen      total 130048K, used 19624K [0x00000000e0000000, 0x00000000e9780000, 0x0000000100000000)
  eden space 117248K, 5% used [0x00000000e0000000,0x00000000e06ae8f0,0x00000000e7280000)
  from space 12800K, 99% used [0x00000000e7e80000,0x00000000e8afb7a0,0x00000000e8b00000)
  to   space 12288K, 0% used [0x00000000e7280000,0x00000000e7280000,0x00000000e7e80000)
 ParOldGen       total 119296K, used 25204K [0x00000000a0000000, 0x00000000a7480000, 0x00000000e0000000)
  object space 119296K, 21% used [0x00000000a0000000,0x00000000a189d2c0,0x00000000a7480000)
 Metaspace       used 56055K, capacity 57910K, committed 58112K, reserved 1099776K
  class space    used 7722K, capacity 8150K, committed 8192K, reserved 1048576K
GC Heap History (10 events):
Event: 10.618 GC heap before
{Heap before GC invocations=8 (full 1):
 PSYoungGen      total 88576K, used 82709K [0x00000000e0000000, 0x00000000e6380000, 0x0000000100000000)
  eden space 75776K, 100% used [0x00000000e0000000,0x00000000e4a00000,0x00000000e4a00000)
  from space 12800K, 54% used [0x00000000e5600000,0x00000000e5cc54e8,0x00000000e6280000)
  to   space 12288K, 0% used [0x00000000e4a00000,0x00000000e4a00000,0x00000000e5600000)
 ParOldGen       total 86016K, used 10981K [0x00000000a0000000, 0x00000000a5400000, 0x00000000e0000000)
  object space 86016K, 12% used [0x00000000a0000000,0x00000000a0ab94c8,0x00000000a5400000)
 Metaspace       used 34415K, capacity 35268K, committed 35456K, reserved 1079296K
  class space    used 4714K, capacity 4925K, committed 4992K, reserved 1048576K
Event: 10.634 GC heap after
Heap after GC invocations=8 (full 1):
 PSYoungGen      total 88064K, used 10240K [0x00000000e0000000, 0x00000000e8b00000, 0x0000000100000000)
  eden space 75776K, 0% used [0x00000000e0000000,0x00000000e0000000,0x00000000e4a00000)
  from space 12288K, 83% used [0x00000000e4a00000,0x00000000e54003f0,0x00000000e5600000)
  to   space 12800K, 0% used [0x00000000e7e80000,0x00000000e7e80000,0x00000000e8b00000)
 ParOldGen       total 86016K, used 10989K [0x00000000a0000000, 0x00000000a5400000, 0x00000000e0000000)
  object space 86016K, 12% used [0x00000000a0000000,0x00000000a0abb4c8,0x00000000a5400000)
 Metaspace       used 34415K, capacity 35268K, committed 35456K, reserved 1079296K
  class space    used 4714K, capacity 4925K, committed 4992K, reserved 1048576K
}
Event: 10.843 GC heap before
{Heap before GC invocations=9 (full 1):
 PSYoungGen      total 88064K, used 21345K [0x00000000e0000000, 0x00000000e8b00000, 0x0000000100000000)
  eden space 75776K, 14% used [0x00000000e0000000,0x00000000e0ad8400,0x00000000e4a00000)
  from space 12288K, 83% used [0x00000000e4a00000,0x00000000e54003f0,0x00000000e5600000)
  to   space 12800K, 0% used [0x00000000e7e80000,0x00000000e7e80000,0x00000000e8b00000)
 ParOldGen       total 86016K, used 10989K [0x00000000a0000000, 0x00000000a5400000, 0x00000000e0000000)
  object space 86016K, 12% used [0x00000000a0000000,0x00000000a0abb4c8,0x00000000a5400000)
 Metaspace       used 34589K, capacity 35376K, committed 35456K, reserved 1079296K
  class space    used 4730K, capacity 4961K, committed 4992K, reserved 1048576K
Event: 10.858 GC heap after
Heap after GC invocations=9 (full 1):
 PSYoungGen      total 130048K, used 8323K [0x00000000e0000000, 0x00000000e9780000, 0x0000000100000000)
  eden space 117248K, 0% used [0x00000000e0000000,0x00000000e0000000,0x00000000e7280000)
  from space 12800K, 65% used [0x00000000e7e80000,0x00000000e86a0e00,0x00000000e8b00000)
  to   space 12288K, 0% used [0x00000000e7280000,0x00000000e7280000,0x00000000e7e80000)
 ParOldGen       total 86016K, used 10997K [0x00000000a0000000, 0x00000000a5400000, 0x00000000e0000000)
  object space 86016K, 12% used [0x00000000a0000000,0x00000000a0abd4c8,0x00000000a5400000)
 Metaspace       used 34589K, capacity 35376K, committed 35456K, reserved 1079296K
  class space    used 4730K, capacity 4961K, committed 4992K, reserved 1048576K
}
Event: 10.858 GC heap before
{Heap before GC invocations=10 (full 2):
 PSYoungGen      total 130048K, used 8323K [0x00000000e0000000, 0x00000000e9780000, 0x0000000100000000)
  eden space 117248K, 0% used [0x00000000e0000000,0x00000000e0000000,0x00000000e7280000)
  from space 12800K, 65% used [0x00000000e7e80000,0x00000000e86a0e00,0x00000000e8b00000)
  to   space 12288K, 0% used [0x00000000e7280000,0x00000000e7280000,0x00000000e7e80000)
 ParOldGen       total 86016K, used 10997K [0x00000000a0000000, 0x00000000a5400000, 0x00000000e0000000)
  object space 86016K, 12% used [0x00000000a0000000,0x00000000a0abd4c8,0x00000000a5400000)
 Metaspace       used 34589K, capacity 35376K, committed 35456K, reserved 1079296K
  class space    used 4730K, capacity 4961K, committed 4992K, reserved 1048576K
Event: 10.975 GC heap after
Heap after GC invocations=10 (full 2):
 PSYoungGen      total 130048K, used 0K [0x00000000e0000000, 0x00000000e9780000, 0x0000000100000000)
  eden space 117248K, 0% used [0x00000000e0000000,0x00000000e0000000,0x00000000e7280000)
  from space 12800K, 0% used [0x00000000e7e80000,0x00000000e7e80000,0x00000000e8b00000)
  to   space 12288K, 0% used [0x00000000e7280000,0x00000000e7280000,0x00000000e7e80000)
 ParOldGen       total 119296K, used 15207K [0x00000000a0000000, 0x00000000a7480000, 0x00000000e0000000)
  object space 119296K, 12% used [0x00000000a0000000,0x00000000a0ed9f58,0x00000000a7480000)
 Metaspace       used 34582K, capacity 35352K, committed 35456K, reserved 1079296K
  class space    used 4727K, capacity 4957K, committed 4992K, reserved 1048576K
}
Event: 14.575 GC heap before
{Heap before GC invocations=11 (full 2):
 PSYoungGen      total 130048K, used 117248K [0x00000000e0000000, 0x00000000e9780000, 0x0000000100000000)
  eden space 117248K, 100% used [0x00000000e0000000,0x00000000e7280000,0x00000000e7280000)
  from space 12800K, 0% used [0x00000000e7e80000,0x00000000e7e80000,0x00000000e8b00000)
  to   space 12288K, 0% used [0x00000000e7280000,0x00000000e7280000,0x00000000e7e80000)
 ParOldGen       total 119296K, used 15207K [0x00000000a0000000, 0x00000000a7480000, 0x00000000e0000000)
  object space 119296K, 12% used [0x00000000a0000000,0x00000000a0ed9f58,0x00000000a7480000)
 Metaspace       used 45960K, capacity 47162K, committed 47488K, reserved 1089536K
  class space    used 6158K, capacity 6469K, committed 6528K, reserved 1048576K
Event: 14.648 GC heap after
Heap after GC invocations=11 (full 2):
 PSYoungGen      total 129536K, used 12257K [0x00000000e0000000, 0x00000000e9780000, 0x0000000100000000)
  eden space 117248K, 0% used [0x00000000e0000000,0x00000000e0000000,0x00000000e7280000)
  from space 12288K, 99% used [0x00000000e7280000,0x00000000e7e785b0,0x00000000e7e80000)
  to   space 12800K, 0% used [0x00000000e7e80000,0x00000000e7e80000,0x00000000e8b00000)
 ParOldGen       total 119296K, used 17956K [0x00000000a0000000, 0x00000000a7480000, 0x00000000e0000000)
  object space 119296K, 15% used [0x00000000a0000000,0x00000000a11893b0,0x00000000a7480000)
 Metaspace       used 45960K, capacity 47162K, committed 47488K, reserved 1089536K
  class space    used 6158K, capacity 6469K, committed 6528K, reserved 1048576K
}
Event: 18.982 GC heap before
{Heap before GC invocations=12 (full 2):
 PSYoungGen      total 129536K, used 129505K [0x00000000e0000000, 0x00000000e9780000, 0x0000000100000000)
  eden space 117248K, 100% used [0x00000000e0000000,0x00000000e7280000,0x00000000e7280000)
  from space 12288K, 99% used [0x00000000e7280000,0x00000000e7e785b0,0x00000000e7e80000)
  to   space 12800K, 0% used [0x00000000e7e80000,0x00000000e7e80000,0x00000000e8b00000)
 ParOldGen       total 119296K, used 17956K [0x00000000a0000000, 0x00000000a7480000, 0x00000000e0000000)
  object space 119296K, 15% used [0x00000000a0000000,0x00000000a11893b0,0x00000000a7480000)
 Metaspace       used 55846K, capacity 57630K, committed 57856K, reserved 1099776K
  class space    used 7693K, capacity 8108K, committed 8192K, reserved 1048576K
Event: 19.045 GC heap after
Heap after GC invocations=12 (full 2):
 PSYoungGen      total 130048K, used 12781K [0x00000000e0000000, 0x00000000e9780000, 0x0000000100000000)
  eden space 117248K, 0% used [0x00000000e0000000,0x00000000e0000000,0x00000000e7280000)
  from space 12800K, 99% used [0x00000000e7e80000,0x00000000e8afb7a0,0x00000000e8b00000)
  to   space 12288K, 0% used [0x00000000e7280000,0x00000000e7280000,0x00000000e7e80000)
 ParOldGen       total 119296K, used 25204K [0x00000000a0000000, 0x00000000a7480000, 0x00000000e0000000)
  object space 119296K, 21% used [0x00000000a0000000,0x00000000a189d2c0,0x00000000a7480000)
 Metaspace       used 55846K, capacity 57630K, committed 57856K, reserved 1099776K
  class space    used 7693K, capacity 8108K, committed 8192K, reserved 1048576K
}

