# JRE version: OpenJDK Runtime Environment (8.0_212-b04) (build 1.8.0_212-release-1586-b04)
# Java VM: OpenJDK 64-Bit Server VM (25.212-b04 mixed mode windows-amd64 compressed oops)
Heap:
 PSYoungGen      total 106496K, used 12163K [0x00000000e0000000, 0x00000000eb980000, 0x0000000100000000)
  eden space 98304K, 4% used [0x00000000e0000000,0x00000000e03e4820,0x00000000e6000000)
  from space 8192K, 99% used [0x00000000e6000000,0x00000000e67fc5e8,0x00000000e6800000)
  to   space 13824K, 0% used [0x00000000eac00000,0x00000000eac00000,0x00000000eb980000)
 ParOldGen       total 84480K, used 13025K [0x00000000a0000000, 0x00000000a5280000, 0x00000000e0000000)
  object space 84480K, 15% used [0x00000000a0000000,0x00000000a0cb85a8,0x00000000a5280000)
 Metaspace       used 30545K, capacity 31208K, committed 31488K, reserved 1077248K
  class space    used 4141K, capacity 4339K, committed 4352K, reserved 1048576K
GC Heap History (10 events):
Event: 4.123 GC heap before
{Heap before GC invocations=2 (full 0):
 PSYoungGen      total 57344K, used 53701K [0x00000000e0000000, 0x00000000e4000000, 0x0000000100000000)
  eden space 49152K, 100% used [0x00000000e0000000,0x00000000e3000000,0x00000000e3000000)
  from space 8192K, 55% used [0x00000000e3000000,0x00000000e34716d8,0x00000000e3800000)
  to   space 8192K, 0% used [0x00000000e3800000,0x00000000e3800000,0x00000000e4000000)
 ParOldGen       total 131072K, used 8K [0x00000000a0000000, 0x00000000a8000000, 0x00000000e0000000)
  object space 131072K, 0% used [0x00000000a0000000,0x00000000a0002000,0x00000000a8000000)
 Metaspace       used 12338K, capacity 12822K, committed 13184K, reserved 1060864K
  class space    used 1647K, capacity 1807K, committed 1920K, reserved 1048576K
Event: 4.136 GC heap after
Heap after GC invocations=2 (full 0):
 PSYoungGen      total 57344K, used 6929K [0x00000000e0000000, 0x00000000e4000000, 0x0000000100000000)
  eden space 49152K, 0% used [0x00000000e0000000,0x00000000e0000000,0x00000000e3000000)
  from space 8192K, 84% used [0x00000000e3800000,0x00000000e3ec4500,0x00000000e4000000)
  to   space 8192K, 0% used [0x00000000e3000000,0x00000000e3000000,0x00000000e3800000)
 ParOldGen       total 131072K, used 16K [0x00000000a0000000, 0x00000000a8000000, 0x00000000e0000000)
  object space 131072K, 0% used [0x00000000a0000000,0x00000000a0004000,0x00000000a8000000)
 Metaspace       used 12338K, capacity 12822K, committed 13184K, reserved 1060864K
  class space    used 1647K, capacity 1807K, committed 1920K, reserved 1048576K
}
Event: 5.287 GC heap before
{Heap before GC invocations=3 (full 0):
 PSYoungGen      total 57344K, used 56081K [0x00000000e0000000, 0x00000000e4000000, 0x0000000100000000)
  eden space 49152K, 100% used [0x00000000e0000000,0x00000000e3000000,0x00000000e3000000)
  from space 8192K, 84% used [0x00000000e3800000,0x00000000e3ec4500,0x00000000e4000000)
  to   space 8192K, 0% used [0x00000000e3000000,0x00000000e3000000,0x00000000e3800000)
 ParOldGen       total 131072K, used 16K [0x00000000a0000000, 0x00000000a8000000, 0x00000000e0000000)
  object space 131072K, 0% used [0x00000000a0000000,0x00000000a0004000,0x00000000a8000000)
 Metaspace       used 16086K, capacity 16554K, committed 16896K, reserved 1062912K
  class space    used 2282K, capacity 2439K, committed 2560K, reserved 1048576K
Event: 5.316 GC heap after
Heap after GC invocations=3 (full 0):
 PSYoungGen      total 57344K, used 8177K [0x00000000e0000000, 0x00000000e7000000, 0x0000000100000000)
  eden space 49152K, 0% used [0x00000000e0000000,0x00000000e0000000,0x00000000e3000000)
  from space 8192K, 99% used [0x00000000e3000000,0x00000000e37fc768,0x00000000e3800000)
  to   space 8192K, 0% used [0x00000000e6800000,0x00000000e6800000,0x00000000e7000000)
 ParOldGen       total 131072K, used 1338K [0x00000000a0000000, 0x00000000a8000000, 0x00000000e0000000)
  object space 131072K, 1% used [0x00000000a0000000,0x00000000a014e998,0x00000000a8000000)
 Metaspace       used 16086K, capacity 16554K, committed 16896K, reserved 1062912K
  class space    used 2282K, capacity 2439K, committed 2560K, reserved 1048576K
}
Event: 6.298 GC heap before
{Heap before GC invocations=4 (full 0):
 PSYoungGen      total 57344K, used 54857K [0x00000000e0000000, 0x00000000e7000000, 0x0000000100000000)
  eden space 49152K, 94% used [0x00000000e0000000,0x00000000e2d95dc0,0x00000000e3000000)
  from space 8192K, 99% used [0x00000000e3000000,0x00000000e37fc768,0x00000000e3800000)
  to   space 8192K, 0% used [0x00000000e6800000,0x00000000e6800000,0x00000000e7000000)
 ParOldGen       total 131072K, used 1338K [0x00000000a0000000, 0x00000000a8000000, 0x00000000e0000000)
  object space 131072K, 1% used [0x00000000a0000000,0x00000000a014e998,0x00000000a8000000)
 Metaspace       used 20667K, capacity 21166K, committed 21296K, reserved 1067008K
  class space    used 2979K, capacity 3133K, committed 3200K, reserved 1048576K
Event: 6.319 GC heap after
Heap after GC invocations=4 (full 0):
 PSYoungGen      total 106496K, used 8165K [0x00000000e0000000, 0x00000000e7000000, 0x0000000100000000)
  eden space 98304K, 0% used [0x00000000e0000000,0x00000000e0000000,0x00000000e6000000)
  from space 8192K, 99% used [0x00000000e6800000,0x00000000e6ff96a0,0x00000000e7000000)
  to   space 8192K, 0% used [0x00000000e6000000,0x00000000e6000000,0x00000000e6800000)
 ParOldGen       total 131072K, used 4413K [0x00000000a0000000, 0x00000000a8000000, 0x00000000e0000000)
  object space 131072K, 3% used [0x00000000a0000000,0x00000000a044f5e8,0x00000000a8000000)
 Metaspace       used 20667K, capacity 21166K, committed 21296K, reserved 1067008K
  class space    used 2979K, capacity 3133K, committed 3200K, reserved 1048576K
}
Event: 6.319 GC heap before
{Heap before GC invocations=5 (full 1):
 PSYoungGen      total 106496K, used 8165K [0x00000000e0000000, 0x00000000e7000000, 0x0000000100000000)
  eden space 98304K, 0% used [0x00000000e0000000,0x00000000e0000000,0x00000000e6000000)
  from space 8192K, 99% used [0x00000000e6800000,0x00000000e6ff96a0,0x00000000e7000000)
  to   space 8192K, 0% used [0x00000000e6000000,0x00000000e6000000,0x00000000e6800000)
 ParOldGen       total 131072K, used 4413K [0x00000000a0000000, 0x00000000a8000000, 0x00000000e0000000)
  object space 131072K, 3% used [0x00000000a0000000,0x00000000a044f5e8,0x00000000a8000000)
 Metaspace       used 20667K, capacity 21166K, committed 21296K, reserved 1067008K
  class space    used 2979K, capacity 3133K, committed 3200K, reserved 1048576K
Event: 6.384 GC heap after
Heap after GC invocations=5 (full 1):
 PSYoungGen      total 106496K, used 0K [0x00000000e0000000, 0x00000000e7000000, 0x0000000100000000)
  eden space 98304K, 0% used [0x00000000e0000000,0x00000000e0000000,0x00000000e6000000)
  from space 8192K, 0% used [0x00000000e6800000,0x00000000e6800000,0x00000000e7000000)
  to   space 8192K, 0% used [0x00000000e6000000,0x00000000e6000000,0x00000000e6800000)
 ParOldGen       total 84480K, used 10898K [0x00000000a0000000, 0x00000000a5280000, 0x00000000e0000000)
  object space 84480K, 12% used [0x00000000a0000000,0x00000000a0aa4888,0x00000000a5280000)
 Metaspace       used 20667K, capacity 21166K, committed 21296K, reserved 1067008K
  class space    used 2979K, capacity 3133K, committed 3200K, reserved 1048576K
}
Event: 8.850 GC heap before
{Heap before GC invocations=6 (full 1):
 PSYoungGen      total 106496K, used 98304K [0x00000000e0000000, 0x00000000e7000000, 0x0000000100000000)
  eden space 98304K, 100% used [0x00000000e0000000,0x00000000e6000000,0x00000000e6000000)
  from space 8192K, 0% used [0x00000000e6800000,0x00000000e6800000,0x00000000e7000000)
  to   space 8192K, 0% used [0x00000000e6000000,0x00000000e6000000,0x00000000e6800000)
 ParOldGen       total 84480K, used 10898K [0x00000000a0000000, 0x00000000a5280000, 0x00000000e0000000)
  object space 84480K, 12% used [0x00000000a0000000,0x00000000a0aa4888,0x00000000a5280000)
 Metaspace       used 30428K, capacity 31048K, committed 31232K, reserved 1077248K
  class space    used 4125K, capacity 4307K, committed 4352K, reserved 1048576K
Event: 8.942 GC heap after
Heap after GC invocations=6 (full 1):
 PSYoungGen      total 106496K, used 8177K [0x00000000e0000000, 0x00000000eb980000, 0x0000000100000000)
  eden space 98304K, 0% used [0x00000000e0000000,0x00000000e0000000,0x00000000e6000000)
  from space 8192K, 99% used [0x00000000e6000000,0x00000000e67fc5e8,0x00000000e6800000)
  to   space 13824K, 0% used [0x00000000eac00000,0x00000000eac00000,0x00000000eb980000)
 ParOldGen       total 84480K, used 13025K [0x00000000a0000000, 0x00000000a5280000, 0x00000000e0000000)
  object space 84480K, 15% used [0x00000000a0000000,0x00000000a0cb85a8,0x00000000a5280000)
 Metaspace       used 30428K, capacity 31048K, committed 31232K, reserved 1077248K
  class space    used 4125K, capacity 4307K, committed 4352K, reserved 1048576K
}

