# JRE version: OpenJDK Runtime Environment (8.0_212-b04) (build 1.8.0_212-release-1586-b04)
# Java VM: OpenJDK 64-Bit Server VM (25.212-b04 mixed mode windows-amd64 compressed oops)
Heap:
 PSYoungGen      total 474112K, used 351003K [0x00000000e0000000, 0x0000000100000000, 0x0000000100000000)
  eden space 422912K, 76% used [0x00000000e0000000,0x00000000f3d16680,0x00000000f9d00000)
  from space 51200K, 51% used [0x00000000fce00000,0x00000000fe7b05b0,0x0000000100000000)
  to   space 50176K, 0% used [0x00000000f9d00000,0x00000000f9d00000,0x00000000fce00000)
 ParOldGen       total 178176K, used 43296K [0x00000000a0000000, 0x00000000aae00000, 0x00000000e0000000)
  object space 178176K, 24% used [0x00000000a0000000,0x00000000a2a48300,0x00000000aae00000)
 Metaspace       used 90471K, capacity 95270K, committed 95360K, reserved 1132544K
  class space    used 11542K, capacity 12392K, committed 12416K, reserved 1048576K
GC Heap History (10 events):
Event: 722.630 GC heap before
{Heap before GC invocations=23 (full 3):
 PSYoungGen      total 442880K, used 438826K [0x00000000e0000000, 0x00000000ffc00000, 0x0000000100000000)
  eden space 407552K, 100% used [0x00000000e0000000,0x00000000f8e00000,0x00000000f8e00000)
  from space 35328K, 88% used [0x00000000f8e00000,0x00000000fac8aab8,0x00000000fb080000)
  to   space 38400K, 0% used [0x00000000fd680000,0x00000000fd680000,0x00000000ffc00000)
 ParOldGen       total 178176K, used 35293K [0x00000000a0000000, 0x00000000aae00000, 0x00000000e0000000)
  object space 178176K, 19% used [0x00000000a0000000,0x00000000a2277708,0x00000000aae00000)
 Metaspace       used 89947K, capacity 94632K, committed 94848K, reserved 1132544K
  class space    used 11485K, capacity 12309K, committed 12416K, reserved 1048576K
Event: 722.690 GC heap after
Heap after GC invocations=23 (full 3):
 PSYoungGen      total 473600K, used 32019K [0x00000000e0000000, 0x00000000ffb00000, 0x0000000100000000)
  eden space 436224K, 0% used [0x00000000e0000000,0x00000000e0000000,0x00000000faa00000)
  from space 37376K, 85% used [0x00000000fd680000,0x00000000ff5c4c00,0x00000000ffb00000)
  to   space 41472K, 0% used [0x00000000faa00000,0x00000000faa00000,0x00000000fd280000)
 ParOldGen       total 178176K, used 35301K [0x00000000a0000000, 0x00000000aae00000, 0x00000000e0000000)
  object space 178176K, 19% used [0x00000000a0000000,0x00000000a2279708,0x00000000aae00000)
 Metaspace       used 89947K, capacity 94632K, committed 94848K, reserved 1132544K
  class space    used 11485K, capacity 12309K, committed 12416K, reserved 1048576K
}
Event: 728.362 GC heap before
{Heap before GC invocations=24 (full 3):
 PSYoungGen      total 473600K, used 468243K [0x00000000e0000000, 0x00000000ffb00000, 0x0000000100000000)
  eden space 436224K, 100% used [0x00000000e0000000,0x00000000faa00000,0x00000000faa00000)
  from space 37376K, 85% used [0x00000000fd680000,0x00000000ff5c4c00,0x00000000ffb00000)
  to   space 41472K, 0% used [0x00000000faa00000,0x00000000faa00000,0x00000000fd280000)
 ParOldGen       total 178176K, used 35744K [0x00000000a0000000, 0x00000000aae00000, 0x00000000e0000000)
  object space 178176K, 20% used [0x00000000a0000000,0x00000000a22e8048,0x00000000aae00000)
 Metaspace       used 90342K, capacity 95026K, committed 95104K, reserved 1132544K
  class space    used 11531K, capacity 12374K, committed 12416K, reserved 1048576K
Event: 728.511 GC heap after
Heap after GC invocations=24 (full 3):
 PSYoungGen      total 477696K, used 32392K [0x00000000e0000000, 0x0000000100000000, 0x0000000100000000)
  eden space 436224K, 0% used [0x00000000e0000000,0x00000000e0000000,0x00000000faa00000)
  from space 41472K, 78% used [0x00000000faa00000,0x00000000fc9a2150,0x00000000fd280000)
  to   space 43520K, 0% used [0x00000000fd580000,0x00000000fd580000,0x0000000100000000)
 ParOldGen       total 178176K, used 35744K [0x00000000a0000000, 0x00000000aae00000, 0x00000000e0000000)
  object space 178176K, 20% used [0x00000000a0000000,0x00000000a22e8048,0x00000000aae00000)
 Metaspace       used 90342K, capacity 95026K, committed 95104K, reserved 1132544K
  class space    used 11531K, capacity 12374K, committed 12416K, reserved 1048576K
}
Event: 730.186 GC heap before
{Heap before GC invocations=25 (full 3):
 PSYoungGen      total 477696K, used 468616K [0x00000000e0000000, 0x0000000100000000, 0x0000000100000000)
  eden space 436224K, 100% used [0x00000000e0000000,0x00000000faa00000,0x00000000faa00000)
  from space 41472K, 78% used [0x00000000faa00000,0x00000000fc9a2150,0x00000000fd280000)
  to   space 43520K, 0% used [0x00000000fd580000,0x00000000fd580000,0x0000000100000000)
 ParOldGen       total 178176K, used 35745K [0x00000000a0000000, 0x00000000aae00000, 0x00000000e0000000)
  object space 178176K, 20% used [0x00000000a0000000,0x00000000a22e8730,0x00000000aae00000)
 Metaspace       used 90376K, capacity 95094K, committed 95360K, reserved 1132544K
  class space    used 11531K, capacity 12374K, committed 12416K, reserved 1048576K
Event: 730.247 GC heap after
Heap after GC invocations=25 (full 3):
 PSYoungGen      total 472576K, used 39163K [0x00000000e0000000, 0x0000000100000000, 0x0000000100000000)
  eden space 429056K, 0% used [0x00000000e0000000,0x00000000e0000000,0x00000000fa300000)
  from space 43520K, 89% used [0x00000000fd580000,0x00000000ffbbecb0,0x0000000100000000)
  to   space 47616K, 0% used [0x00000000fa300000,0x00000000fa300000,0x00000000fd180000)
 ParOldGen       total 178176K, used 35753K [0x00000000a0000000, 0x00000000aae00000, 0x00000000e0000000)
  object space 178176K, 20% used [0x00000000a0000000,0x00000000a22ea730,0x00000000aae00000)
 Metaspace       used 90376K, capacity 95094K, committed 95360K, reserved 1132544K
  class space    used 11531K, capacity 12374K, committed 12416K, reserved 1048576K
}
Event: 731.705 GC heap before
{Heap before GC invocations=26 (full 3):
 PSYoungGen      total 472576K, used 468219K [0x00000000e0000000, 0x0000000100000000, 0x0000000100000000)
  eden space 429056K, 100% used [0x00000000e0000000,0x00000000fa300000,0x00000000fa300000)
  from space 43520K, 89% used [0x00000000fd580000,0x00000000ffbbecb0,0x0000000100000000)
  to   space 47616K, 0% used [0x00000000fa300000,0x00000000fa300000,0x00000000fd180000)
 ParOldGen       total 178176K, used 35753K [0x00000000a0000000, 0x00000000aae00000, 0x00000000e0000000)
  object space 178176K, 20% used [0x00000000a0000000,0x00000000a22ea730,0x00000000aae00000)
 Metaspace       used 90434K, capacity 95202K, committed 95360K, reserved 1132544K
  class space    used 11541K, capacity 12392K, committed 12416K, reserved 1048576K
Event: 731.798 GC heap after
Heap after GC invocations=26 (full 3):
 PSYoungGen      total 473088K, used 43814K [0x00000000e0000000, 0x0000000100000000, 0x0000000100000000)
  eden space 429056K, 0% used [0x00000000e0000000,0x00000000e0000000,0x00000000fa300000)
  from space 44032K, 99% used [0x00000000fa300000,0x00000000fcdc9910,0x00000000fce00000)
  to   space 51200K, 0% used [0x00000000fce00000,0x00000000fce00000,0x0000000100000000)
 ParOldGen       total 178176K, used 35753K [0x00000000a0000000, 0x00000000aae00000, 0x00000000e0000000)
  object space 178176K, 20% used [0x00000000a0000000,0x00000000a22ea730,0x00000000aae00000)
 Metaspace       used 90434K, capacity 95202K, committed 95360K, reserved 1132544K
  class space    used 11541K, capacity 12392K, committed 12416K, reserved 1048576K
}
Event: 733.733 GC heap before
{Heap before GC invocations=27 (full 3):
 PSYoungGen      total 473088K, used 472870K [0x00000000e0000000, 0x0000000100000000, 0x0000000100000000)
  eden space 429056K, 100% used [0x00000000e0000000,0x00000000fa300000,0x00000000fa300000)
  from space 44032K, 99% used [0x00000000fa300000,0x00000000fcdc9910,0x00000000fce00000)
  to   space 51200K, 0% used [0x00000000fce00000,0x00000000fce00000,0x0000000100000000)
 ParOldGen       total 178176K, used 35753K [0x00000000a0000000, 0x00000000aae00000, 0x00000000e0000000)
  object space 178176K, 20% used [0x00000000a0000000,0x00000000a22ea730,0x00000000aae00000)
 Metaspace       used 90452K, capacity 95206K, committed 95360K, reserved 1132544K
  class space    used 11541K, capacity 12392K, committed 12416K, reserved 1048576K
Event: 733.822 GC heap after
Heap after GC invocations=27 (full 3):
 PSYoungGen      total 474112K, used 26305K [0x00000000e0000000, 0x0000000100000000, 0x0000000100000000)
  eden space 422912K, 0% used [0x00000000e0000000,0x00000000e0000000,0x00000000f9d00000)
  from space 51200K, 51% used [0x00000000fce00000,0x00000000fe7b05b0,0x0000000100000000)
  to   space 50176K, 0% used [0x00000000f9d00000,0x00000000f9d00000,0x00000000fce00000)
 ParOldGen       total 178176K, used 43296K [0x00000000a0000000, 0x00000000aae00000, 0x00000000e0000000)
  object space 178176K, 24% used [0x00000000a0000000,0x00000000a2a48300,0x00000000aae00000)
 Metaspace       used 90452K, capacity 95206K, committed 95360K, reserved 1132544K
  class space    used 11541K, capacity 12392K, committed 12416K, reserved 1048576K
}

